0 info it worked if it ends with ok
1 verbose cli [ 'node',
1 verbose cli   '/usr/local/bin/npm',
1 verbose cli   'install',
1 verbose cli   'learnyounode@latest',
1 verbose cli   '-g' ]
2 info using npm@2.14.9
3 info using node@v0.12.9
4 verbose node symlink /usr/local/bin/node
5 verbose install initial load of /usr/local/lib/package.json
6 verbose readDependencies loading dependencies from /usr/local/lib/package.json
7 silly cache add args [ 'learnyounode@latest', null ]
8 verbose cache add spec learnyounode@latest
9 silly cache add parsed spec { raw: 'learnyounode@latest',
9 silly cache add   scope: null,
9 silly cache add   name: 'learnyounode',
9 silly cache add   rawSpec: 'latest',
9 silly cache add   spec: 'latest',
9 silly cache add   type: 'tag' }
10 silly addNamed learnyounode@latest
11 verbose addNamed "latest" is being treated as a dist-tag for learnyounode
12 info addNameTag [ 'learnyounode', 'latest' ]
13 silly mapToRegistry name learnyounode
14 silly mapToRegistry using default registry
15 silly mapToRegistry registry https://registry.npmjs.org/
16 silly mapToRegistry uri https://registry.npmjs.org/learnyounode
17 verbose addNameTag registry:https://registry.npmjs.org/learnyounode not in flight; fetching
18 verbose request uri https://registry.npmjs.org/learnyounode
19 verbose request no auth needed
20 info attempt registry request try #1 at 16:38:50
21 verbose request id 9f5de5eeb32336de
22 verbose etag "79WDU27D9R3ABH4DUVN60QU5Y"
23 http request GET https://registry.npmjs.org/learnyounode
24 http 304 https://registry.npmjs.org/learnyounode
25 verbose headers { date: 'Thu, 11 Feb 2016 07:38:50 GMT',
25 verbose headers   via: '1.1 varnish',
25 verbose headers   'cache-control': 'max-age=300',
25 verbose headers   etag: '"79WDU27D9R3ABH4DUVN60QU5Y"',
25 verbose headers   age: '18',
25 verbose headers   connection: 'keep-alive',
25 verbose headers   'x-served-by': 'cache-nrt6127-NRT',
25 verbose headers   'x-cache': 'HIT',
25 verbose headers   'x-cache-hits': '1',
25 verbose headers   'x-timer': 'S1455176330.351428,VS0,VE0',
25 verbose headers   vary: 'Accept' }
26 silly get cb [ 304,
26 silly get   { date: 'Thu, 11 Feb 2016 07:38:50 GMT',
26 silly get     via: '1.1 varnish',
26 silly get     'cache-control': 'max-age=300',
26 silly get     etag: '"79WDU27D9R3ABH4DUVN60QU5Y"',
26 silly get     age: '18',
26 silly get     connection: 'keep-alive',
26 silly get     'x-served-by': 'cache-nrt6127-NRT',
26 silly get     'x-cache': 'HIT',
26 silly get     'x-cache-hits': '1',
26 silly get     'x-timer': 'S1455176330.351428,VS0,VE0',
26 silly get     vary: 'Accept' } ]
27 verbose etag https://registry.npmjs.org/learnyounode from cache
28 verbose get saving learnyounode to /Users/dykim/.npm/registry.npmjs.org/learnyounode/.cache.json
29 silly addNameTag next cb for learnyounode with tag latest
30 silly addNamed learnyounode@3.4.1
31 verbose addNamed "3.4.1" is a plain semver version for learnyounode
32 silly cache afterAdd learnyounode@3.4.1
33 verbose afterAdd /Users/dykim/.npm/learnyounode/3.4.1/package/package.json not in flight; writing
34 verbose afterAdd /Users/dykim/.npm/learnyounode/3.4.1/package/package.json written
35 silly install resolved [ { name: 'learnyounode',
35 silly install resolved     version: '3.4.1',
35 silly install resolved     description: 'Learn You The Node.js For Much Win! An intro to Node.js via a set of self-guided workshops.',
35 silly install resolved     author:
35 silly install resolved      { name: 'Rod Vagg',
35 silly install resolved        email: 'rod@vagg.org',
35 silly install resolved        url: 'https://github.com/rvagg' },
35 silly install resolved     contributors:
35 silly install resolved      [ [Object],
35 silly install resolved        [Object],
35 silly install resolved        [Object],
35 silly install resolved        [Object],
35 silly install resolved        [Object],
35 silly install resolved        [Object],
35 silly install resolved        [Object],
35 silly install resolved        [Object],
35 silly install resolved        [Object],
35 silly install resolved        [Object],
35 silly install resolved        [Object],
35 silly install resolved        [Object],
35 silly install resolved        [Object],
35 silly install resolved        [Object],
35 silly install resolved        [Object],
35 silly install resolved        [Object],
35 silly install resolved        [Object],
35 silly install resolved        [Object],
35 silly install resolved        [Object],
35 silly install resolved        [Object],
35 silly install resolved        [Object],
35 silly install resolved        [Object],
35 silly install resolved        [Object],
35 silly install resolved        [Object],
35 silly install resolved        [Object],
35 silly install resolved        [Object],
35 silly install resolved        [Object],
35 silly install resolved        [Object],
35 silly install resolved        [Object],
35 silly install resolved        [Object],
35 silly install resolved        [Object],
35 silly install resolved        [Object],
35 silly install resolved        [Object],
35 silly install resolved        [Object],
35 silly install resolved        [Object],
35 silly install resolved        [Object],
35 silly install resolved        [Object],
35 silly install resolved        [Object],
35 silly install resolved        [Object] ],
35 silly install resolved     repository:
35 silly install resolved      { type: 'git',
35 silly install resolved        url: 'git+https://github.com/workshopper/learnyounode.git' },
35 silly install resolved     license: 'MIT',
35 silly install resolved     dependencies:
35 silly install resolved      { after: '~0.8.1',
35 silly install resolved        bl: '~1.0.0',
35 silly install resolved        boganipsum: '~0.1.0',
35 silly install resolved        'colors-tmpl': '~1.0.0',
35 silly install resolved        'combined-stream': '~1.0.5',
35 silly install resolved        'concat-stream': '~1.5.1',
35 silly install resolved        duplexer: '~0.1.1',
35 silly install resolved        hyperquest: '~1.2.0',
35 silly install resolved        rimraf: '~2.5.1',
35 silly install resolved        through: '~2.3.6',
35 silly install resolved        through2: '~2.0.0',
35 silly install resolved        'through2-map': '~2.0.0',
35 silly install resolved        'workshopper-adventure': '^4.4.5',
35 silly install resolved        'workshopper-exercise': '^2.6.0',
35 silly install resolved        'workshopper-wrappedexec': '~0.1.1' },
35 silly install resolved     devDependencies: { 'workshopper-adventure-test': '~1.0.1' },
35 silly install resolved     scripts: { test: 'workshopper-adventure-test' },
35 silly install resolved     bin: { learnyounode: './bin/learnyounode' },
35 silly install resolved     main: './learnyounode.js',
35 silly install resolved     preferGlobal: true,
35 silly install resolved     gitHead: 'ba05ef80c894bea3137f54df6babc2f7b23ff6c3',
35 silly install resolved     bugs: { url: 'https://github.com/workshopper/learnyounode/issues' },
35 silly install resolved     homepage: 'https://github.com/workshopper/learnyounode#readme',
35 silly install resolved     _id: 'learnyounode@3.4.1',
35 silly install resolved     _shasum: '3cadf86f704b41f6ea37462bf425719c325686e1',
35 silly install resolved     _from: 'learnyounode@latest',
35 silly install resolved     _npmVersion: '3.6.0',
35 silly install resolved     _nodeVersion: '5.0.0',
35 silly install resolved     _npmUser: { name: 'leichtgewicht', email: 'martin.heidegger@gmail.com' },
35 silly install resolved     dist:
35 silly install resolved      { shasum: '3cadf86f704b41f6ea37462bf425719c325686e1',
35 silly install resolved        tarball: 'http://registry.npmjs.org/learnyounode/-/learnyounode-3.4.1.tgz' },
35 silly install resolved     maintainers: [ [Object], [Object], [Object] ],
35 silly install resolved     _npmOperationalInternal:
35 silly install resolved      { host: 'packages-6-west.internal.npmjs.com',
35 silly install resolved        tmp: 'tmp/learnyounode-3.4.1.tgz_1454983494799_0.4861051000189036' },
35 silly install resolved     directories: {},
35 silly install resolved     _resolved: 'https://registry.npmjs.org/learnyounode/-/learnyounode-3.4.1.tgz',
35 silly install resolved     readme: 'ERROR: No README data found!' } ]
36 info install learnyounode@3.4.1 into /usr/local/lib
37 info installOne learnyounode@3.4.1
38 verbose installOne of learnyounode to /usr/local/lib not in flight; installing
39 verbose lock using /Users/dykim/.npm/_locks/learnyounode-3267a39f0ae1a4f5.lock for /usr/local/lib/node_modules/learnyounode
40 silly install write writing learnyounode 3.4.1 to /usr/local/lib/node_modules/learnyounode
41 verbose unbuild lib/node_modules/learnyounode
42 info preuninstall learnyounode@3.4.0
43 info uninstall learnyounode@3.4.0
44 verbose unbuild rmStuff learnyounode@3.4.0 from /usr/local/lib/node_modules
45 silly gentlyRm /usr/local/bin/learnyounode is being gently removed
46 silly gentlyRm verifying /usr/local is an npm working directory
47 silly gentlyRm containing path /usr/local is under npm's control, in /usr/local
48 silly gentlyRm deletion target /usr/local/bin/learnyounode is under /usr/local
49 verbose gentlyRm vacuuming from /usr/local/bin/learnyounode up to /usr/local
50 info postuninstall learnyounode@3.4.0
51 silly gentlyRm /usr/local/lib/node_modules/learnyounode is being purged from base /usr/local
52 verbose gentlyRm don't care about contents; nuking /usr/local/lib/node_modules/learnyounode
53 silly vacuum-fs purging /usr/local/lib/node_modules/learnyounode
54 verbose unlock done using /Users/dykim/.npm/_locks/learnyounode-3267a39f0ae1a4f5.lock for /usr/local/lib/node_modules/learnyounode
55 verbose stack Error: EACCES, unlink '/usr/local/lib/node_modules/learnyounode/.jshintrc'
55 verbose stack     at Error (native)
56 verbose cwd /Users/dykim/Documents/Develops/test_place/node_js/lyn13
57 error Darwin 15.3.0
58 error argv "node" "/usr/local/bin/npm" "install" "learnyounode@latest" "-g"
59 error node v0.12.9
60 error npm  v2.14.9
61 error path /usr/local/lib/node_modules/learnyounode/.jshintrc
62 error code EACCES
63 error errno -13
64 error Error: EACCES, unlink '/usr/local/lib/node_modules/learnyounode/.jshintrc'
64 error     at Error (native)
64 error  { [Error: EACCES, unlink '/usr/local/lib/node_modules/learnyounode/.jshintrc']
64 error   errno: -13,
64 error   code: 'EACCES',
64 error   path: '/usr/local/lib/node_modules/learnyounode/.jshintrc' }
65 error Please try running this command again as root/Administrator.
66 verbose exit [ -13, true ]
67 verbose unbuild lib/node_modules/learnyounode
68 info preuninstall learnyounode@3.4.0
69 info uninstall learnyounode@3.4.0
70 verbose unbuild rmStuff learnyounode@3.4.0 from /usr/local/lib/node_modules
71 silly gentlyRm /usr/local/bin/learnyounode is being gently removed
72 silly gentlyRm verifying /usr/local is an npm working directory
73 silly gentlyRm containing path /usr/local is under npm's control, in /usr/local
74 silly gentlyRm deletion target /usr/local/bin/learnyounode is under /usr/local
75 verbose gentlyRm vacuuming from /usr/local/bin/learnyounode up to /usr/local
76 info postuninstall learnyounode@3.4.0
77 silly gentlyRm /usr/local/lib/node_modules/learnyounode is being purged from base /usr/local
78 verbose gentlyRm don't care about contents; nuking /usr/local/lib/node_modules/learnyounode
79 silly vacuum-fs purging /usr/local/lib/node_modules/learnyounode
80 error error rolling back Error: EACCES, unlink '/usr/local/lib/node_modules/learnyounode/.jshintrc'
80 error error rolling back     at Error (native)
80 error error rolling back  { [Error: EACCES, unlink '/usr/local/lib/node_modules/learnyounode/.jshintrc']
80 error error rolling back   errno: -13,
80 error error rolling back   code: 'EACCES',
80 error error rolling back   path: '/usr/local/lib/node_modules/learnyounode/.jshintrc' }
